<?xml version="1.0" encoding="UTF-8"?>
<testng-results ignored="0" total="1" passed="1" failed="0" skipped="0">
  <reporter-output>
  </reporter-output>
  <suite started-at="2024-06-10T15:11:17 IST" name="Default suite" finished-at="2024-06-10T15:11:44 IST" duration-ms="26899">
    <groups>
    </groups>
    <test started-at="2024-06-10T15:11:17 IST" name="Default test" finished-at="2024-06-10T15:11:44 IST" duration-ms="26899">
      <class name="testcases.CreatAccount_Test">
        <test-method is-config="true" signature="startup()[pri:0, instance:testcases.CreatAccount_Test@7ce69770]" started-at="2024-06-10T15:11:17 IST" name="startup" finished-at="2024-06-10T15:11:22 IST" duration-ms="4505" status="PASS">
          <reporter-output>
          </reporter-output>
        </test-method> <!-- startup -->
        <test-method signature="CreateAccount()[pri:0, instance:testcases.CreatAccount_Test@7ce69770]" started-at="2024-06-10T15:11:22 IST" name="CreateAccount" finished-at="2024-06-10T15:11:44 IST" duration-ms="22106" status="PASS">
          <reporter-output>
          </reporter-output>
        </test-method> <!-- CreateAccount -->
        <test-method is-config="true" signature="close()[pri:0, instance:testcases.CreatAccount_Test@7ce69770]" started-at="2024-06-10T15:11:44 IST" name="close" finished-at="2024-06-10T15:11:44 IST" duration-ms="235" status="PASS">
          <reporter-output>
          </reporter-output>
        </test-method> <!-- close -->
      </class> <!-- testcases.CreatAccount_Test -->
    </test> <!-- Default test -->
  </suite> <!-- Default suite -->
</testng-results>
